TN:
SF:src\models\Aeronave.ts
FN:6,Aeronave
FN:13,embarcarPassageiro
FN:18,desembarcarPassageiro
FN:23,embarcarCarga
FN:28,decolar
FN:32,pousar
FNF:6
FNH:6
FNDA:29,Aeronave
FNDA:2,embarcarPassageiro
FNDA:1,desembarcarPassageiro
FNDA:1,embarcarCarga
FNDA:6,decolar
FNDA:2,pousar
DA:1,1
DA:2,1
DA:3,1
DA:4,1
DA:5,1
DA:6,1
DA:7,29
DA:8,29
DA:9,29
DA:10,29
DA:11,29
DA:12,1
DA:13,1
DA:14,2
DA:15,2
DA:16,2
DA:17,1
DA:18,1
DA:19,1
DA:20,1
DA:21,1
DA:22,1
DA:23,1
DA:24,1
DA:25,1
DA:26,1
DA:27,1
DA:28,1
DA:29,6
DA:30,6
DA:31,1
DA:32,1
DA:33,2
DA:34,2
DA:35,1
LF:35
LH:35
BRDA:6,0,0,29
BRDA:13,1,0,2
BRDA:18,2,0,1
BRDA:23,3,0,1
BRDA:28,4,0,6
BRDA:32,5,0,2
BRF:6
BRH:6
end_of_record
TN:
SF:src\models\Aeroporto.ts
FN:7,Aeroporto
FN:9,adicionarAeronave
FN:14,listarAeronaves
FN:18,buscarAeronavePorCodigo
FN:22,removerAeronave
FN:32,decolarAeronave
FN:45,decolarAeronaves
FN:61,registrarEvento
FN:65,obterHistorico
FNF:9
FNH:9
FNDA:14,Aeroporto
FNDA:11,adicionarAeronave
FNDA:7,listarAeronaves
FNDA:7,buscarAeronavePorCodigo
FNDA:6,removerAeronave
FNDA:5,decolarAeronave
FNDA:2,decolarAeronaves
FNDA:21,registrarEvento
FNDA:6,obterHistorico
DA:1,1
DA:2,1
DA:3,1
DA:4,1
DA:5,1
DA:6,1
DA:7,1
DA:8,1
DA:9,1
DA:10,11
DA:11,11
DA:12,11
DA:13,1
DA:14,1
DA:15,7
DA:16,7
DA:17,1
DA:18,1
DA:19,7
DA:20,7
DA:21,1
DA:22,1
DA:23,6
DA:24,6
DA:25,5
DA:26,5
DA:27,5
DA:28,5
DA:29,1
DA:30,1
DA:31,1
DA:32,1
DA:33,5
DA:34,5
DA:35,5
DA:36,1
DA:37,1
DA:38,4
DA:39,4
DA:40,4
DA:41,4
DA:42,4
DA:43,4
DA:44,1
DA:45,1
DA:46,2
DA:47,2
DA:48,2
DA:49,2
DA:50,2
DA:51,2
DA:52,2
DA:53,2
DA:54,0
DA:55,0
DA:56,2
DA:57,2
DA:58,2
DA:59,2
DA:60,1
DA:61,1
DA:62,21
DA:63,21
DA:64,1
DA:65,1
DA:66,6
DA:67,6
DA:68,1
LF:68
LH:66
BRDA:7,0,0,14
BRDA:9,1,0,11
BRDA:14,2,0,7
BRDA:18,3,0,7
BRDA:19,4,0,5
BRDA:22,5,0,6
BRDA:24,6,0,5
BRDA:29,7,0,1
BRDA:23,8,0,5
BRDA:32,9,0,5
BRDA:35,10,0,1
BRDA:38,11,0,4
BRDA:45,12,0,2
BRDA:49,13,0,2
BRDA:53,14,0,0
BRDA:61,15,0,21
BRDA:65,16,0,6
BRF:17
BRH:16
end_of_record
TN:
SF:src\services\ControleTraficoAereo.ts
FN:5,ControleTraficoAereo
FN:7,registrarAeroporto
FN:11,autorizarDecolagem
FN:28,autorizarPouso
FNF:4
FNH:4
FNDA:9,ControleTraficoAereo
FNDA:3,registrarAeroporto
FNDA:3,autorizarDecolagem
FNDA:4,autorizarPouso
DA:1,1
DA:2,1
DA:3,1
DA:4,1
DA:5,1
DA:6,1
DA:7,1
DA:8,3
DA:9,3
DA:10,1
DA:11,1
DA:12,3
DA:13,3
DA:14,3
DA:15,3
DA:16,0
DA:17,0
DA:18,0
DA:19,0
DA:20,0
DA:21,0
DA:22,0
DA:23,0
DA:24,0
DA:25,0
DA:26,0
DA:27,1
DA:28,1
DA:29,4
DA:30,4
DA:31,4
DA:32,4
DA:33,0
DA:34,0
DA:35,0
DA:36,0
DA:37,0
DA:38,0
DA:39,1
LF:39
LH:22
BRDA:5,0,0,9
BRDA:7,1,0,3
BRDA:11,2,0,3
BRDA:16,3,0,0
BRDA:12,4,0,3
BRDA:28,5,0,4
BRDA:33,6,0,0
BRDA:29,7,0,4
BRF:8
BRH:6
end_of_record
